2025-11-19 12:58:08,936 - INFO - 大棚控制系统初始化完成
2025-11-19 12:58:09,086 - INFO - 传感器模拟器已启动
2025-11-19 12:58:09,087 - INFO - 保存传感器数据 1 条
2025-11-19 12:58:09,151 - WARNING - findfont: Font family 'WenQuanYi Micro Hei' not found.
2025-11-19 12:58:09,155 - WARNING - findfont: Font family 'Heiti TC' not found.
2025-11-19 12:58:09,159 - WARNING - findfont: Font family 'WenQuanYi Micro Hei' not found.
2025-11-19 12:58:09,159 - WARNING - findfont: Font family 'Heiti TC' not found.
2025-11-19 12:58:09,161 - WARNING - findfont: Font family 'WenQuanYi Micro Hei' not found.
2025-11-19 12:58:09,161 - WARNING - findfont: Font family 'Heiti TC' not found.
2025-11-19 12:58:09,161 - WARNING - findfont: Font family 'WenQuanYi Micro Hei' not found.
2025-11-19 12:58:09,161 - WARNING - findfont: Font family 'Heiti TC' not found.
2025-11-19 12:58:09,161 - WARNING - findfont: Font family 'WenQuanYi Micro Hei' not found.
2025-11-19 12:58:09,162 - WARNING - findfont: Font family 'Heiti TC' not found.
2025-11-19 12:58:09,162 - WARNING - findfont: Font family 'WenQuanYi Micro Hei' not found.
2025-11-19 12:58:09,162 - WARNING - findfont: Font family 'Heiti TC' not found.
2025-11-19 12:58:09,162 - WARNING - findfont: Font family 'WenQuanYi Micro Hei' not found.
2025-11-19 12:58:09,162 - WARNING - findfont: Font family 'Heiti TC' not found.
2025-11-19 12:58:09,164 - WARNING - findfont: Font family 'WenQuanYi Micro Hei' not found.
2025-11-19 12:58:09,164 - WARNING - findfont: Font family 'Heiti TC' not found.
2025-11-19 12:58:09,165 - WARNING - findfont: Font family 'WenQuanYi Micro Hei' not found.
2025-11-19 12:58:09,165 - WARNING - findfont: Font family 'Heiti TC' not found.
2025-11-19 12:58:09,166 - WARNING - findfont: Font family 'WenQuanYi Micro Hei' not found.
2025-11-19 12:58:09,166 - WARNING - findfont: Font family 'Heiti TC' not found.
2025-11-19 12:58:09,166 - WARNING - findfont: Font family 'WenQuanYi Micro Hei' not found.
2025-11-19 12:58:09,166 - WARNING - findfont: Font family 'Heiti TC' not found.
2025-11-19 12:58:09,167 - WARNING - findfont: Font family 'WenQuanYi Micro Hei' not found.
2025-11-19 12:58:09,167 - WARNING - findfont: Font family 'Heiti TC' not found.
2025-11-19 12:58:09,167 - WARNING - findfont: Font family 'WenQuanYi Micro Hei' not found.
2025-11-19 12:58:09,167 - WARNING - findfont: Font family 'Heiti TC' not found.
2025-11-19 12:58:09,173 - WARNING - findfont: Font family 'WenQuanYi Micro Hei' not found.
2025-11-19 12:58:09,173 - WARNING - findfont: Font family 'Heiti TC' not found.
2025-11-19 12:58:09,174 - WARNING - findfont: Font family 'WenQuanYi Micro Hei' not found.
2025-11-19 12:58:09,174 - WARNING - findfont: Font family 'Heiti TC' not found.
2025-11-19 12:58:09,174 - WARNING - findfont: Font family 'WenQuanYi Micro Hei' not found.
2025-11-19 12:58:09,174 - WARNING - findfont: Font family 'Heiti TC' not found.
2025-11-19 12:58:09,175 - WARNING - findfont: Font family 'WenQuanYi Micro Hei' not found.
2025-11-19 12:58:09,175 - WARNING - findfont: Font family 'Heiti TC' not found.
2025-11-19 12:58:09,175 - WARNING - findfont: Font family 'WenQuanYi Micro Hei' not found.
2025-11-19 12:58:09,175 - WARNING - findfont: Font family 'Heiti TC' not found.
2025-11-19 12:58:09,176 - WARNING - findfont: Font family 'WenQuanYi Micro Hei' not found.
2025-11-19 12:58:09,176 - WARNING - findfont: Font family 'Heiti TC' not found.
2025-11-19 12:58:09,177 - WARNING - findfont: Font family 'WenQuanYi Micro Hei' not found.
2025-11-19 12:58:09,177 - WARNING - findfont: Font family 'Heiti TC' not found.
2025-11-19 12:58:09,177 - WARNING - findfont: Font family 'WenQuanYi Micro Hei' not found.
2025-11-19 12:58:09,177 - WARNING - findfont: Font family 'Heiti TC' not found.
2025-11-19 12:58:09,178 - WARNING - findfont: Font family 'WenQuanYi Micro Hei' not found.
2025-11-19 12:58:09,178 - WARNING - findfont: Font family 'Heiti TC' not found.
2025-11-19 12:58:09,178 - WARNING - findfont: Font family 'WenQuanYi Micro Hei' not found.
2025-11-19 12:58:09,178 - WARNING - findfont: Font family 'Heiti TC' not found.
2025-11-19 12:58:09,185 - WARNING - findfont: Font family 'WenQuanYi Micro Hei' not found.
2025-11-19 12:58:09,185 - WARNING - findfont: Font family 'Heiti TC' not found.
2025-11-19 12:58:09,186 - WARNING - findfont: Font family 'WenQuanYi Micro Hei' not found.
2025-11-19 12:58:09,186 - WARNING - findfont: Font family 'Heiti TC' not found.
2025-11-19 12:58:09,187 - WARNING - findfont: Font family 'WenQuanYi Micro Hei' not found.
2025-11-19 12:58:09,187 - WARNING - findfont: Font family 'Heiti TC' not found.
2025-11-19 12:58:09,188 - WARNING - findfont: Font family 'WenQuanYi Micro Hei' not found.
2025-11-19 12:58:09,188 - WARNING - findfont: Font family 'Heiti TC' not found.
2025-11-19 12:58:09,188 - WARNING - findfont: Font family 'WenQuanYi Micro Hei' not found.
2025-11-19 12:58:09,189 - WARNING - findfont: Font family 'Heiti TC' not found.
2025-11-19 12:58:09,189 - WARNING - findfont: Font family 'WenQuanYi Micro Hei' not found.
2025-11-19 12:58:09,189 - WARNING - findfont: Font family 'Heiti TC' not found.
2025-11-19 12:58:09,196 - WARNING - findfont: Font family 'WenQuanYi Micro Hei' not found.
2025-11-19 12:58:09,196 - WARNING - findfont: Font family 'Heiti TC' not found.
2025-11-19 12:58:09,197 - WARNING - findfont: Font family 'WenQuanYi Micro Hei' not found.
2025-11-19 12:58:09,197 - WARNING - findfont: Font family 'Heiti TC' not found.
2025-11-19 12:58:09,197 - WARNING - findfont: Font family 'WenQuanYi Micro Hei' not found.
2025-11-19 12:58:09,197 - WARNING - findfont: Font family 'Heiti TC' not found.
2025-11-19 12:58:09,198 - WARNING - findfont: Font family 'WenQuanYi Micro Hei' not found.
2025-11-19 12:58:09,198 - WARNING - findfont: Font family 'Heiti TC' not found.
2025-11-19 12:58:09,198 - WARNING - findfont: Font family 'WenQuanYi Micro Hei' not found.
2025-11-19 12:58:09,198 - WARNING - findfont: Font family 'Heiti TC' not found.
2025-11-19 12:58:09,205 - WARNING - findfont: Font family 'WenQuanYi Micro Hei' not found.
2025-11-19 12:58:09,205 - WARNING - findfont: Font family 'Heiti TC' not found.
2025-11-19 12:58:09,206 - WARNING - findfont: Font family 'WenQuanYi Micro Hei' not found.
2025-11-19 12:58:09,206 - WARNING - findfont: Font family 'Heiti TC' not found.
2025-11-19 12:58:09,207 - WARNING - findfont: Font family 'WenQuanYi Micro Hei' not found.
2025-11-19 12:58:09,207 - WARNING - findfont: Font family 'Heiti TC' not found.
2025-11-19 12:58:09,207 - WARNING - findfont: Font family 'WenQuanYi Micro Hei' not found.
2025-11-19 12:58:09,207 - WARNING - findfont: Font family 'Heiti TC' not found.
2025-11-19 12:58:09,208 - WARNING - findfont: Font family 'WenQuanYi Micro Hei' not found.
2025-11-19 12:58:09,208 - WARNING - findfont: Font family 'Heiti TC' not found.
2025-11-19 12:58:09,209 - WARNING - findfont: Font family 'WenQuanYi Micro Hei' not found.
2025-11-19 12:58:09,209 - WARNING - findfont: Font family 'Heiti TC' not found.
2025-11-19 12:58:09,215 - WARNING - findfont: Font family 'WenQuanYi Micro Hei' not found.
2025-11-19 12:58:09,215 - WARNING - findfont: Font family 'Heiti TC' not found.
2025-11-19 12:58:09,215 - WARNING - findfont: Font family 'WenQuanYi Micro Hei' not found.
2025-11-19 12:58:09,215 - WARNING - findfont: Font family 'Heiti TC' not found.
2025-11-19 12:58:09,216 - WARNING - findfont: Font family 'WenQuanYi Micro Hei' not found.
2025-11-19 12:58:09,216 - WARNING - findfont: Font family 'Heiti TC' not found.
2025-11-19 12:58:09,216 - WARNING - findfont: Font family 'WenQuanYi Micro Hei' not found.
2025-11-19 12:58:09,217 - WARNING - findfont: Font family 'Heiti TC' not found.
2025-11-19 12:58:09,217 - WARNING - findfont: Font family 'WenQuanYi Micro Hei' not found.
2025-11-19 12:58:09,217 - WARNING - findfont: Font family 'Heiti TC' not found.
2025-11-19 12:58:09,224 - WARNING - findfont: Font family 'WenQuanYi Micro Hei' not found.
2025-11-19 12:58:09,224 - WARNING - findfont: Font family 'Heiti TC' not found.
2025-11-19 12:58:09,225 - WARNING - findfont: Font family 'WenQuanYi Micro Hei' not found.
2025-11-19 12:58:09,225 - WARNING - findfont: Font family 'Heiti TC' not found.
2025-11-19 12:58:09,226 - WARNING - findfont: Font family 'WenQuanYi Micro Hei' not found.
2025-11-19 12:58:09,226 - WARNING - findfont: Font family 'Heiti TC' not found.
2025-11-19 12:58:09,226 - WARNING - findfont: Font family 'WenQuanYi Micro Hei' not found.
2025-11-19 12:58:09,227 - WARNING - findfont: Font family 'Heiti TC' not found.
2025-11-19 12:58:09,227 - WARNING - findfont: Font family 'WenQuanYi Micro Hei' not found.
2025-11-19 12:58:09,228 - WARNING - findfont: Font family 'Heiti TC' not found.
2025-11-19 12:58:09,228 - WARNING - findfont: Font family 'WenQuanYi Micro Hei' not found.
2025-11-19 12:58:09,228 - WARNING - findfont: Font family 'Heiti TC' not found.
2025-11-19 12:58:09,233 - WARNING - findfont: Font family 'WenQuanYi Micro Hei' not found.
2025-11-19 12:58:09,233 - WARNING - findfont: Font family 'Heiti TC' not found.
2025-11-19 12:58:09,234 - WARNING - findfont: Font family 'WenQuanYi Micro Hei' not found.
2025-11-19 12:58:09,234 - WARNING - findfont: Font family 'Heiti TC' not found.
2025-11-19 12:58:09,234 - WARNING - findfont: Font family 'WenQuanYi Micro Hei' not found.
2025-11-19 12:58:09,235 - WARNING - findfont: Font family 'Heiti TC' not found.
2025-11-19 12:58:09,235 - WARNING - findfont: Font family 'WenQuanYi Micro Hei' not found.
2025-11-19 12:58:09,235 - WARNING - findfont: Font family 'Heiti TC' not found.
2025-11-19 12:58:09,236 - WARNING - findfont: Font family 'WenQuanYi Micro Hei' not found.
2025-11-19 12:58:09,236 - WARNING - findfont: Font family 'Heiti TC' not found.
2025-11-19 12:58:10,102 - INFO - Using categorical units to plot a list of strings that are all parsable as floats or dates. If these strings should be plotted as numbers, cast to the appropriate data type before plotting.
2025-11-19 12:58:10,102 - INFO - Using categorical units to plot a list of strings that are all parsable as floats or dates. If these strings should be plotted as numbers, cast to the appropriate data type before plotting.
2025-11-19 12:58:10,106 - INFO - Using categorical units to plot a list of strings that are all parsable as floats or dates. If these strings should be plotted as numbers, cast to the appropriate data type before plotting.
2025-11-19 12:58:10,106 - INFO - Using categorical units to plot a list of strings that are all parsable as floats or dates. If these strings should be plotted as numbers, cast to the appropriate data type before plotting.
2025-11-19 12:58:10,110 - INFO - Using categorical units to plot a list of strings that are all parsable as floats or dates. If these strings should be plotted as numbers, cast to the appropriate data type before plotting.
2025-11-19 12:58:10,111 - INFO - Using categorical units to plot a list of strings that are all parsable as floats or dates. If these strings should be plotted as numbers, cast to the appropriate data type before plotting.
2025-11-19 12:58:10,116 - INFO - Using categorical units to plot a list of strings that are all parsable as floats or dates. If these strings should be plotted as numbers, cast to the appropriate data type before plotting.
2025-11-19 12:58:10,117 - INFO - Using categorical units to plot a list of strings that are all parsable as floats or dates. If these strings should be plotted as numbers, cast to the appropriate data type before plotting.
2025-11-19 12:58:10,118 - WARNING - findfont: Font family 'WenQuanYi Micro Hei' not found.
2025-11-19 12:58:10,118 - WARNING - findfont: Font family 'Heiti TC' not found.
2025-11-19 12:58:10,125 - WARNING - findfont: Font family 'WenQuanYi Micro Hei' not found.
2025-11-19 12:58:10,125 - WARNING - findfont: Font family 'Heiti TC' not found.
2025-11-19 12:58:10,125 - WARNING - findfont: Font family 'WenQuanYi Micro Hei' not found.
2025-11-19 12:58:10,125 - WARNING - findfont: Font family 'Heiti TC' not found.
2025-11-19 12:58:10,125 - WARNING - findfont: Font family 'WenQuanYi Micro Hei' not found.
2025-11-19 12:58:10,125 - WARNING - findfont: Font family 'Heiti TC' not found.
2025-11-19 12:58:10,132 - WARNING - findfont: Font family 'WenQuanYi Micro Hei' not found.
2025-11-19 12:58:10,134 - WARNING - findfont: Font family 'Heiti TC' not found.
2025-11-19 12:58:10,134 - WARNING - findfont: Font family 'WenQuanYi Micro Hei' not found.
2025-11-19 12:58:10,134 - WARNING - findfont: Font family 'Heiti TC' not found.
2025-11-19 12:58:10,165 - WARNING - findfont: Font family 'WenQuanYi Micro Hei' not found.
2025-11-19 12:58:10,166 - WARNING - findfont: Font family 'Heiti TC' not found.
2025-11-19 12:58:10,166 - WARNING - findfont: Font family 'WenQuanYi Micro Hei' not found.
2025-11-19 12:58:10,166 - WARNING - findfont: Font family 'Heiti TC' not found.
2025-11-19 12:58:10,166 - WARNING - findfont: Font family 'WenQuanYi Micro Hei' not found.
2025-11-19 12:58:10,166 - WARNING - findfont: Font family 'Heiti TC' not found.
2025-11-19 12:58:10,167 - WARNING - findfont: Font family 'WenQuanYi Micro Hei' not found.
2025-11-19 12:58:10,167 - WARNING - findfont: Font family 'Heiti TC' not found.
2025-11-19 12:58:10,171 - WARNING - findfont: Font family 'WenQuanYi Micro Hei' not found.
2025-11-19 12:58:10,171 - WARNING - findfont: Font family 'Heiti TC' not found.
2025-11-19 12:58:10,180 - WARNING - findfont: Font family 'WenQuanYi Micro Hei' not found.
2025-11-19 12:58:10,180 - WARNING - findfont: Font family 'Heiti TC' not found.
2025-11-19 12:58:10,180 - WARNING - findfont: Font family 'WenQuanYi Micro Hei' not found.
2025-11-19 12:58:10,180 - WARNING - findfont: Font family 'Heiti TC' not found.
2025-11-19 12:58:10,180 - WARNING - findfont: Font family 'WenQuanYi Micro Hei' not found.
2025-11-19 12:58:10,181 - WARNING - findfont: Font family 'Heiti TC' not found.
2025-11-19 12:58:10,181 - WARNING - findfont: Font family 'WenQuanYi Micro Hei' not found.
2025-11-19 12:58:10,181 - WARNING - findfont: Font family 'Heiti TC' not found.
2025-11-19 12:58:10,185 - WARNING - findfont: Font family 'WenQuanYi Micro Hei' not found.
2025-11-19 12:58:10,185 - WARNING - findfont: Font family 'Heiti TC' not found.
2025-11-19 12:58:10,194 - WARNING - findfont: Font family 'WenQuanYi Micro Hei' not found.
2025-11-19 12:58:10,194 - WARNING - findfont: Font family 'Heiti TC' not found.
2025-11-19 12:58:10,195 - WARNING - findfont: Font family 'WenQuanYi Micro Hei' not found.
2025-11-19 12:58:10,195 - WARNING - findfont: Font family 'Heiti TC' not found.
2025-11-19 12:58:10,195 - WARNING - findfont: Font family 'WenQuanYi Micro Hei' not found.
2025-11-19 12:58:10,195 - WARNING - findfont: Font family 'Heiti TC' not found.
2025-11-19 12:58:10,198 - WARNING - findfont: Font family 'WenQuanYi Micro Hei' not found.
2025-11-19 12:58:10,198 - WARNING - findfont: Font family 'Heiti TC' not found.
2025-11-19 12:58:10,204 - WARNING - findfont: Font family 'WenQuanYi Micro Hei' not found.
2025-11-19 12:58:10,204 - WARNING - findfont: Font family 'Heiti TC' not found.
2025-11-19 12:58:10,208 - WARNING - findfont: Font family 'WenQuanYi Micro Hei' not found.
2025-11-19 12:58:10,208 - WARNING - findfont: Font family 'Heiti TC' not found.
2025-11-19 12:58:10,209 - WARNING - findfont: Font family 'WenQuanYi Micro Hei' not found.
2025-11-19 12:58:10,209 - WARNING - findfont: Font family 'Heiti TC' not found.
2025-11-19 12:58:10,210 - WARNING - findfont: Font family 'WenQuanYi Micro Hei' not found.
2025-11-19 12:58:10,210 - WARNING - findfont: Font family 'Heiti TC' not found.
2025-11-19 12:58:10,212 - WARNING - findfont: Font family 'WenQuanYi Micro Hei' not found.
2025-11-19 12:58:10,212 - WARNING - findfont: Font family 'Heiti TC' not found.
2025-11-19 12:58:10,214 - WARNING - findfont: Font family 'WenQuanYi Micro Hei' not found.
2025-11-19 12:58:10,214 - WARNING - findfont: Font family 'Heiti TC' not found.
2025-11-19 12:58:10,214 - WARNING - findfont: Font family 'WenQuanYi Micro Hei' not found.
2025-11-19 12:58:10,214 - WARNING - findfont: Font family 'Heiti TC' not found.
2025-11-19 12:58:10,216 - WARNING - findfont: Font family 'WenQuanYi Micro Hei' not found.
2025-11-19 12:58:10,216 - WARNING - findfont: Font family 'Heiti TC' not found.
2025-11-19 12:58:10,217 - WARNING - findfont: Font family 'WenQuanYi Micro Hei' not found.
2025-11-19 12:58:10,218 - WARNING - findfont: Font family 'Heiti TC' not found.
2025-11-19 12:58:10,218 - WARNING - findfont: Font family 'WenQuanYi Micro Hei' not found.
2025-11-19 12:58:10,218 - WARNING - findfont: Font family 'Heiti TC' not found.
2025-11-19 12:58:10,220 - WARNING - findfont: Font family 'WenQuanYi Micro Hei' not found.
2025-11-19 12:58:10,220 - WARNING - findfont: Font family 'Heiti TC' not found.
2025-11-19 12:58:10,222 - WARNING - findfont: Font family 'WenQuanYi Micro Hei' not found.
2025-11-19 12:58:10,222 - WARNING - findfont: Font family 'Heiti TC' not found.
2025-11-19 12:58:10,222 - WARNING - findfont: Font family 'WenQuanYi Micro Hei' not found.
2025-11-19 12:58:10,222 - WARNING - findfont: Font family 'Heiti TC' not found.
2025-11-19 12:58:10,225 - WARNING - findfont: Font family 'WenQuanYi Micro Hei' not found.
2025-11-19 12:58:10,225 - WARNING - findfont: Font family 'Heiti TC' not found.
2025-11-19 12:58:10,227 - WARNING - findfont: Font family 'WenQuanYi Micro Hei' not found.
2025-11-19 12:58:10,227 - WARNING - findfont: Font family 'Heiti TC' not found.
2025-11-19 12:58:10,227 - WARNING - findfont: Font family 'WenQuanYi Micro Hei' not found.
2025-11-19 12:58:10,227 - WARNING - findfont: Font family 'Heiti TC' not found.
2025-11-19 12:58:10,229 - WARNING - findfont: Font family 'WenQuanYi Micro Hei' not found.
2025-11-19 12:58:10,229 - WARNING - findfont: Font family 'Heiti TC' not found.
2025-11-19 12:58:10,230 - WARNING - findfont: Font family 'WenQuanYi Micro Hei' not found.
2025-11-19 12:58:10,231 - WARNING - findfont: Font family 'Heiti TC' not found.
2025-11-19 12:58:10,231 - WARNING - findfont: Font family 'WenQuanYi Micro Hei' not found.
2025-11-19 12:58:10,231 - WARNING - findfont: Font family 'Heiti TC' not found.
2025-11-19 12:58:10,233 - WARNING - findfont: Font family 'WenQuanYi Micro Hei' not found.
2025-11-19 12:58:10,233 - WARNING - findfont: Font family 'Heiti TC' not found.
2025-11-19 12:58:10,235 - WARNING - findfont: Font family 'WenQuanYi Micro Hei' not found.
2025-11-19 12:58:10,235 - WARNING - findfont: Font family 'Heiti TC' not found.
2025-11-19 12:58:10,236 - WARNING - findfont: Font family 'WenQuanYi Micro Hei' not found.
2025-11-19 12:58:10,236 - WARNING - findfont: Font family 'Heiti TC' not found.
2025-11-19 12:58:10,236 - WARNING - findfont: Font family 'WenQuanYi Micro Hei' not found.
2025-11-19 12:58:10,236 - WARNING - findfont: Font family 'Heiti TC' not found.
2025-11-19 12:58:10,239 - WARNING - findfont: Font family 'WenQuanYi Micro Hei' not found.
2025-11-19 12:58:10,239 - WARNING - findfont: Font family 'Heiti TC' not found.
2025-11-19 12:58:11,254 - INFO - Using categorical units to plot a list of strings that are all parsable as floats or dates. If these strings should be plotted as numbers, cast to the appropriate data type before plotting.
2025-11-19 12:58:11,254 - INFO - Using categorical units to plot a list of strings that are all parsable as floats or dates. If these strings should be plotted as numbers, cast to the appropriate data type before plotting.
2025-11-19 12:58:11,260 - INFO - Using categorical units to plot a list of strings that are all parsable as floats or dates. If these strings should be plotted as numbers, cast to the appropriate data type before plotting.
2025-11-19 12:58:11,260 - INFO - Using categorical units to plot a list of strings that are all parsable as floats or dates. If these strings should be plotted as numbers, cast to the appropriate data type before plotting.
2025-11-19 12:58:11,266 - INFO - Using categorical units to plot a list of strings that are all parsable as floats or dates. If these strings should be plotted as numbers, cast to the appropriate data type before plotting.
2025-11-19 12:58:11,266 - INFO - Using categorical units to plot a list of strings that are all parsable as floats or dates. If these strings should be plotted as numbers, cast to the appropriate data type before plotting.
2025-11-19 12:58:11,273 - INFO - Using categorical units to plot a list of strings that are all parsable as floats or dates. If these strings should be plotted as numbers, cast to the appropriate data type before plotting.
2025-11-19 12:58:11,273 - INFO - Using categorical units to plot a list of strings that are all parsable as floats or dates. If these strings should be plotted as numbers, cast to the appropriate data type before plotting.
2025-11-19 12:58:11,322 - WARNING - findfont: Font family 'WenQuanYi Micro Hei' not found.
2025-11-19 12:58:11,322 - WARNING - findfont: Font family 'Heiti TC' not found.
2025-11-19 12:58:11,324 - WARNING - findfont: Font family 'WenQuanYi Micro Hei' not found.
2025-11-19 12:58:11,324 - WARNING - findfont: Font family 'Heiti TC' not found.
2025-11-19 12:58:11,325 - WARNING - findfont: Font family 'WenQuanYi Micro Hei' not found.
2025-11-19 12:58:11,325 - WARNING - findfont: Font family 'Heiti TC' not found.
2025-11-19 12:58:11,325 - WARNING - findfont: Font family 'WenQuanYi Micro Hei' not found.
2025-11-19 12:58:11,326 - WARNING - findfont: Font family 'Heiti TC' not found.
2025-11-19 12:58:11,328 - WARNING - findfont: Font family 'WenQuanYi Micro Hei' not found.
2025-11-19 12:58:11,328 - WARNING - findfont: Font family 'Heiti TC' not found.
2025-11-19 12:58:11,331 - WARNING - findfont: Font family 'WenQuanYi Micro Hei' not found.
2025-11-19 12:58:11,331 - WARNING - findfont: Font family 'Heiti TC' not found.
2025-11-19 12:58:11,333 - WARNING - findfont: Font family 'WenQuanYi Micro Hei' not found.
2025-11-19 12:58:11,333 - WARNING - findfont: Font family 'Heiti TC' not found.
2025-11-19 12:58:11,334 - WARNING - findfont: Font family 'WenQuanYi Micro Hei' not found.
2025-11-19 12:58:11,334 - WARNING - findfont: Font family 'Heiti TC' not found.
2025-11-19 12:58:11,336 - WARNING - findfont: Font family 'WenQuanYi Micro Hei' not found.
2025-11-19 12:58:11,336 - WARNING - findfont: Font family 'Heiti TC' not found.
2025-11-19 12:58:11,339 - WARNING - findfont: Font family 'WenQuanYi Micro Hei' not found.
2025-11-19 12:58:11,339 - WARNING - findfont: Font family 'Heiti TC' not found.
2025-11-19 12:58:11,341 - WARNING - findfont: Font family 'WenQuanYi Micro Hei' not found.
2025-11-19 12:58:11,341 - WARNING - findfont: Font family 'Heiti TC' not found.
2025-11-19 12:58:11,342 - WARNING - findfont: Font family 'WenQuanYi Micro Hei' not found.
2025-11-19 12:58:11,342 - WARNING - findfont: Font family 'Heiti TC' not found.
2025-11-19 12:58:11,344 - WARNING - findfont: Font family 'WenQuanYi Micro Hei' not found.
2025-11-19 12:58:11,344 - WARNING - findfont: Font family 'Heiti TC' not found.
2025-11-19 12:58:11,347 - WARNING - findfont: Font family 'WenQuanYi Micro Hei' not found.
2025-11-19 12:58:11,347 - WARNING - findfont: Font family 'Heiti TC' not found.
2025-11-19 12:58:11,349 - WARNING - findfont: Font family 'WenQuanYi Micro Hei' not found.
2025-11-19 12:58:11,349 - WARNING - findfont: Font family 'Heiti TC' not found.
2025-11-19 12:58:11,350 - WARNING - findfont: Font family 'WenQuanYi Micro Hei' not found.
2025-11-19 12:58:11,350 - WARNING - findfont: Font family 'Heiti TC' not found.
2025-11-19 12:58:11,350 - WARNING - findfont: Font family 'WenQuanYi Micro Hei' not found.
2025-11-19 12:58:11,351 - WARNING - findfont: Font family 'Heiti TC' not found.
2025-11-19 12:58:11,353 - WARNING - findfont: Font family 'WenQuanYi Micro Hei' not found.
2025-11-19 12:58:11,353 - WARNING - findfont: Font family 'Heiti TC' not found.
2025-11-19 12:58:14,098 - INFO - 保存传感器数据 2 条
2025-11-19 12:58:17,573 - INFO - Using categorical units to plot a list of strings that are all parsable as floats or dates. If these strings should be plotted as numbers, cast to the appropriate data type before plotting.
2025-11-19 12:58:17,573 - INFO - Using categorical units to plot a list of strings that are all parsable as floats or dates. If these strings should be plotted as numbers, cast to the appropriate data type before plotting.
2025-11-19 12:58:17,577 - INFO - Using categorical units to plot a list of strings that are all parsable as floats or dates. If these strings should be plotted as numbers, cast to the appropriate data type before plotting.
2025-11-19 12:58:17,577 - INFO - Using categorical units to plot a list of strings that are all parsable as floats or dates. If these strings should be plotted as numbers, cast to the appropriate data type before plotting.
2025-11-19 12:58:17,581 - INFO - Using categorical units to plot a list of strings that are all parsable as floats or dates. If these strings should be plotted as numbers, cast to the appropriate data type before plotting.
2025-11-19 12:58:17,581 - INFO - Using categorical units to plot a list of strings that are all parsable as floats or dates. If these strings should be plotted as numbers, cast to the appropriate data type before plotting.
2025-11-19 12:58:17,586 - INFO - Using categorical units to plot a list of strings that are all parsable as floats or dates. If these strings should be plotted as numbers, cast to the appropriate data type before plotting.
2025-11-19 12:58:17,586 - INFO - Using categorical units to plot a list of strings that are all parsable as floats or dates. If these strings should be plotted as numbers, cast to the appropriate data type before plotting.
2025-11-19 12:58:17,588 - WARNING - findfont: Font family 'WenQuanYi Micro Hei' not found.
2025-11-19 12:58:17,588 - WARNING - findfont: Font family 'Heiti TC' not found.
2025-11-19 12:58:17,588 - WARNING - findfont: Font family 'WenQuanYi Micro Hei' not found.
2025-11-19 12:58:17,588 - WARNING - findfont: Font family 'Heiti TC' not found.
2025-11-19 12:58:17,596 - WARNING - findfont: Font family 'WenQuanYi Micro Hei' not found.
2025-11-19 12:58:17,596 - WARNING - findfont: Font family 'Heiti TC' not found.
2025-11-19 12:58:17,596 - WARNING - findfont: Font family 'WenQuanYi Micro Hei' not found.
2025-11-19 12:58:17,597 - WARNING - findfont: Font family 'Heiti TC' not found.
2025-11-19 12:58:17,597 - WARNING - findfont: Font family 'WenQuanYi Micro Hei' not found.
2025-11-19 12:58:17,597 - WARNING - findfont: Font family 'Heiti TC' not found.
2025-11-19 12:58:17,597 - WARNING - findfont: Font family 'WenQuanYi Micro Hei' not found.
2025-11-19 12:58:17,597 - WARNING - findfont: Font family 'Heiti TC' not found.
2025-11-19 12:58:17,597 - WARNING - findfont: Font family 'WenQuanYi Micro Hei' not found.
2025-11-19 12:58:17,598 - WARNING - findfont: Font family 'Heiti TC' not found.
2025-11-19 12:58:17,598 - WARNING - findfont: Font family 'WenQuanYi Micro Hei' not found.
2025-11-19 12:58:17,598 - WARNING - findfont: Font family 'Heiti TC' not found.
2025-11-19 12:58:17,602 - WARNING - findfont: Font family 'WenQuanYi Micro Hei' not found.
2025-11-19 12:58:17,602 - WARNING - findfont: Font family 'Heiti TC' not found.
2025-11-19 12:58:17,602 - WARNING - findfont: Font family 'WenQuanYi Micro Hei' not found.
2025-11-19 12:58:17,602 - WARNING - findfont: Font family 'Heiti TC' not found.
2025-11-19 12:58:17,612 - WARNING - findfont: Font family 'WenQuanYi Micro Hei' not found.
2025-11-19 12:58:17,612 - WARNING - findfont: Font family 'Heiti TC' not found.
2025-11-19 12:58:17,612 - WARNING - findfont: Font family 'WenQuanYi Micro Hei' not found.
2025-11-19 12:58:17,612 - WARNING - findfont: Font family 'Heiti TC' not found.
2025-11-19 12:58:17,613 - WARNING - findfont: Font family 'WenQuanYi Micro Hei' not found.
2025-11-19 12:58:17,613 - WARNING - findfont: Font family 'Heiti TC' not found.
2025-11-19 12:58:17,613 - WARNING - findfont: Font family 'WenQuanYi Micro Hei' not found.
2025-11-19 12:58:17,613 - WARNING - findfont: Font family 'Heiti TC' not found.
2025-11-19 12:58:17,616 - WARNING - findfont: Font family 'WenQuanYi Micro Hei' not found.
2025-11-19 12:58:17,616 - WARNING - findfont: Font family 'Heiti TC' not found.
2025-11-19 12:58:17,626 - WARNING - findfont: Font family 'WenQuanYi Micro Hei' not found.
2025-11-19 12:58:17,626 - WARNING - findfont: Font family 'Heiti TC' not found.
2025-11-19 12:58:17,626 - WARNING - findfont: Font family 'WenQuanYi Micro Hei' not found.
2025-11-19 12:58:17,626 - WARNING - findfont: Font family 'Heiti TC' not found.
2025-11-19 12:58:17,626 - WARNING - findfont: Font family 'WenQuanYi Micro Hei' not found.
2025-11-19 12:58:17,626 - WARNING - findfont: Font family 'Heiti TC' not found.
2025-11-19 12:58:17,627 - WARNING - findfont: Font family 'WenQuanYi Micro Hei' not found.
2025-11-19 12:58:17,627 - WARNING - findfont: Font family 'Heiti TC' not found.
2025-11-19 12:58:17,627 - WARNING - findfont: Font family 'WenQuanYi Micro Hei' not found.
2025-11-19 12:58:17,627 - WARNING - findfont: Font family 'Heiti TC' not found.
2025-11-19 12:58:17,631 - WARNING - findfont: Font family 'WenQuanYi Micro Hei' not found.
2025-11-19 12:58:17,631 - WARNING - findfont: Font family 'Heiti TC' not found.
2025-11-19 12:58:17,640 - WARNING - findfont: Font family 'WenQuanYi Micro Hei' not found.
2025-11-19 12:58:17,640 - WARNING - findfont: Font family 'Heiti TC' not found.
2025-11-19 12:58:17,640 - WARNING - findfont: Font family 'WenQuanYi Micro Hei' not found.
2025-11-19 12:58:17,640 - WARNING - findfont: Font family 'Heiti TC' not found.
2025-11-19 12:58:17,640 - WARNING - findfont: Font family 'WenQuanYi Micro Hei' not found.
2025-11-19 12:58:17,641 - WARNING - findfont: Font family 'Heiti TC' not found.
2025-11-19 12:58:17,643 - WARNING - findfont: Font family 'WenQuanYi Micro Hei' not found.
2025-11-19 12:58:17,643 - WARNING - findfont: Font family 'Heiti TC' not found.
2025-11-19 12:58:17,648 - WARNING - findfont: Font family 'WenQuanYi Micro Hei' not found.
2025-11-19 12:58:17,648 - WARNING - findfont: Font family 'Heiti TC' not found.
2025-11-19 12:58:17,648 - WARNING - findfont: Font family 'WenQuanYi Micro Hei' not found.
2025-11-19 12:58:17,648 - WARNING - findfont: Font family 'Heiti TC' not found.
2025-11-19 12:58:17,648 - WARNING - findfont: Font family 'WenQuanYi Micro Hei' not found.
2025-11-19 12:58:17,648 - WARNING - findfont: Font family 'Heiti TC' not found.
2025-11-19 12:58:17,649 - WARNING - findfont: Font family 'WenQuanYi Micro Hei' not found.
2025-11-19 12:58:17,649 - WARNING - findfont: Font family 'Heiti TC' not found.
2025-11-19 12:58:17,649 - WARNING - findfont: Font family 'WenQuanYi Micro Hei' not found.
2025-11-19 12:58:17,649 - WARNING - findfont: Font family 'Heiti TC' not found.
2025-11-19 12:58:17,652 - WARNING - findfont: Font family 'WenQuanYi Micro Hei' not found.
2025-11-19 12:58:17,652 - WARNING - findfont: Font family 'Heiti TC' not found.
2025-11-19 12:58:17,654 - WARNING - findfont: Font family 'WenQuanYi Micro Hei' not found.
2025-11-19 12:58:17,654 - WARNING - findfont: Font family 'Heiti TC' not found.
2025-11-19 12:58:17,655 - WARNING - findfont: Font family 'WenQuanYi Micro Hei' not found.
2025-11-19 12:58:17,655 - WARNING - findfont: Font family 'Heiti TC' not found.
2025-11-19 12:58:17,656 - WARNING - findfont: Font family 'WenQuanYi Micro Hei' not found.
2025-11-19 12:58:17,656 - WARNING - findfont: Font family 'Heiti TC' not found.
2025-11-19 12:58:17,656 - WARNING - findfont: Font family 'WenQuanYi Micro Hei' not found.
2025-11-19 12:58:17,656 - WARNING - findfont: Font family 'Heiti TC' not found.
2025-11-19 12:58:17,657 - WARNING - findfont: Font family 'WenQuanYi Micro Hei' not found.
2025-11-19 12:58:17,657 - WARNING - findfont: Font family 'Heiti TC' not found.
2025-11-19 12:58:17,660 - WARNING - findfont: Font family 'WenQuanYi Micro Hei' not found.
2025-11-19 12:58:17,660 - WARNING - findfont: Font family 'Heiti TC' not found.
2025-11-19 12:58:17,663 - WARNING - findfont: Font family 'WenQuanYi Micro Hei' not found.
2025-11-19 12:58:17,663 - WARNING - findfont: Font family 'Heiti TC' not found.
2025-11-19 12:58:17,665 - WARNING - findfont: Font family 'WenQuanYi Micro Hei' not found.
2025-11-19 12:58:17,665 - WARNING - findfont: Font family 'Heiti TC' not found.
2025-11-19 12:58:17,667 - WARNING - findfont: Font family 'WenQuanYi Micro Hei' not found.
2025-11-19 12:58:17,667 - WARNING - findfont: Font family 'Heiti TC' not found.
2025-11-19 12:58:17,667 - WARNING - findfont: Font family 'WenQuanYi Micro Hei' not found.
2025-11-19 12:58:17,667 - WARNING - findfont: Font family 'Heiti TC' not found.
2025-11-19 12:58:17,668 - WARNING - findfont: Font family 'WenQuanYi Micro Hei' not found.
2025-11-19 12:58:17,668 - WARNING - findfont: Font family 'Heiti TC' not found.
2025-11-19 12:58:17,670 - WARNING - findfont: Font family 'WenQuanYi Micro Hei' not found.
2025-11-19 12:58:17,670 - WARNING - findfont: Font family 'Heiti TC' not found.
2025-11-19 12:58:17,671 - WARNING - findfont: Font family 'WenQuanYi Micro Hei' not found.
2025-11-19 12:58:17,671 - WARNING - findfont: Font family 'Heiti TC' not found.
2025-11-19 12:58:17,671 - WARNING - findfont: Font family 'WenQuanYi Micro Hei' not found.
2025-11-19 12:58:17,671 - WARNING - findfont: Font family 'Heiti TC' not found.
2025-11-19 12:58:17,673 - WARNING - findfont: Font family 'WenQuanYi Micro Hei' not found.
2025-11-19 12:58:17,673 - WARNING - findfont: Font family 'Heiti TC' not found.
2025-11-19 12:58:17,676 - WARNING - findfont: Font family 'WenQuanYi Micro Hei' not found.
2025-11-19 12:58:17,676 - WARNING - findfont: Font family 'Heiti TC' not found.
2025-11-19 12:58:17,677 - WARNING - findfont: Font family 'WenQuanYi Micro Hei' not found.
2025-11-19 12:58:17,677 - WARNING - findfont: Font family 'Heiti TC' not found.
2025-11-19 12:58:17,679 - WARNING - findfont: Font family 'WenQuanYi Micro Hei' not found.
2025-11-19 12:58:17,679 - WARNING - findfont: Font family 'Heiti TC' not found.
2025-11-19 12:58:17,682 - WARNING - findfont: Font family 'WenQuanYi Micro Hei' not found.
2025-11-19 12:58:17,682 - WARNING - findfont: Font family 'Heiti TC' not found.
2025-11-19 12:58:17,683 - WARNING - findfont: Font family 'WenQuanYi Micro Hei' not found.
2025-11-19 12:58:17,683 - WARNING - findfont: Font family 'Heiti TC' not found.
2025-11-19 12:58:17,684 - WARNING - findfont: Font family 'WenQuanYi Micro Hei' not found.
2025-11-19 12:58:17,684 - WARNING - findfont: Font family 'Heiti TC' not found.
2025-11-19 12:58:17,685 - WARNING - findfont: Font family 'WenQuanYi Micro Hei' not found.
2025-11-19 12:58:17,685 - WARNING - findfont: Font family 'Heiti TC' not found.
2025-11-19 12:58:17,686 - WARNING - findfont: Font family 'WenQuanYi Micro Hei' not found.
2025-11-19 12:58:17,688 - WARNING - findfont: Font family 'Heiti TC' not found.
2025-11-19 12:58:17,708 - WARNING - findfont: Font family 'WenQuanYi Micro Hei' not found.
2025-11-19 12:58:17,709 - WARNING - findfont: Font family 'Heiti TC' not found.
2025-11-19 12:58:17,709 - WARNING - findfont: Font family 'WenQuanYi Micro Hei' not found.
2025-11-19 12:58:17,709 - WARNING - findfont: Font family 'Heiti TC' not found.
2025-11-19 12:58:17,709 - WARNING - findfont: Font family 'WenQuanYi Micro Hei' not found.
2025-11-19 12:58:17,709 - WARNING - findfont: Font family 'Heiti TC' not found.
2025-11-19 12:58:17,710 - WARNING - findfont: Font family 'WenQuanYi Micro Hei' not found.
2025-11-19 12:58:17,710 - WARNING - findfont: Font family 'Heiti TC' not found.
2025-11-19 12:58:17,712 - WARNING - findfont: Font family 'WenQuanYi Micro Hei' not found.
2025-11-19 12:58:17,712 - WARNING - findfont: Font family 'Heiti TC' not found.
2025-11-19 12:58:17,712 - WARNING - findfont: Font family 'WenQuanYi Micro Hei' not found.
2025-11-19 12:58:17,712 - WARNING - findfont: Font family 'Heiti TC' not found.
2025-11-19 12:58:17,713 - WARNING - findfont: Font family 'WenQuanYi Micro Hei' not found.
2025-11-19 12:58:17,713 - WARNING - findfont: Font family 'Heiti TC' not found.
2025-11-19 12:58:17,713 - WARNING - findfont: Font family 'WenQuanYi Micro Hei' not found.
2025-11-19 12:58:17,713 - WARNING - findfont: Font family 'Heiti TC' not found.
2025-11-19 12:58:17,715 - WARNING - findfont: Font family 'WenQuanYi Micro Hei' not found.
2025-11-19 12:58:17,715 - WARNING - findfont: Font family 'Heiti TC' not found.
2025-11-19 12:58:17,715 - WARNING - findfont: Font family 'WenQuanYi Micro Hei' not found.
2025-11-19 12:58:17,717 - WARNING - findfont: Font family 'Heiti TC' not found.
2025-11-19 12:58:17,717 - WARNING - findfont: Font family 'WenQuanYi Micro Hei' not found.
2025-11-19 12:58:17,717 - WARNING - findfont: Font family 'Heiti TC' not found.
2025-11-19 12:58:17,719 - WARNING - findfont: Font family 'WenQuanYi Micro Hei' not found.
2025-11-19 12:58:17,719 - WARNING - findfont: Font family 'Heiti TC' not found.
2025-11-19 12:58:17,720 - WARNING - findfont: Font family 'WenQuanYi Micro Hei' not found.
2025-11-19 12:58:17,720 - WARNING - findfont: Font family 'Heiti TC' not found.
2025-11-19 12:58:17,721 - WARNING - findfont: Font family 'WenQuanYi Micro Hei' not found.
2025-11-19 12:58:17,721 - WARNING - findfont: Font family 'Heiti TC' not found.
2025-11-19 12:58:17,721 - WARNING - findfont: Font family 'WenQuanYi Micro Hei' not found.
2025-11-19 12:58:17,721 - WARNING - findfont: Font family 'Heiti TC' not found.
2025-11-19 12:58:17,723 - WARNING - findfont: Font family 'WenQuanYi Micro Hei' not found.
2025-11-19 12:58:17,723 - WARNING - findfont: Font family 'Heiti TC' not found.
2025-11-19 12:58:17,724 - WARNING - findfont: Font family 'WenQuanYi Micro Hei' not found.
2025-11-19 12:58:17,725 - WARNING - findfont: Font family 'Heiti TC' not found.
2025-11-19 12:58:17,727 - WARNING - findfont: Font family 'WenQuanYi Micro Hei' not found.
2025-11-19 12:58:17,727 - WARNING - findfont: Font family 'Heiti TC' not found.
2025-11-19 12:58:17,728 - WARNING - findfont: Font family 'WenQuanYi Micro Hei' not found.
2025-11-19 12:58:17,728 - WARNING - findfont: Font family 'Heiti TC' not found.
2025-11-19 12:58:17,728 - WARNING - findfont: Font family 'WenQuanYi Micro Hei' not found.
2025-11-19 12:58:17,728 - WARNING - findfont: Font family 'Heiti TC' not found.
2025-11-19 12:58:17,730 - WARNING - findfont: Font family 'WenQuanYi Micro Hei' not found.
2025-11-19 12:58:17,730 - WARNING - findfont: Font family 'Heiti TC' not found.
2025-11-19 12:58:17,731 - WARNING - findfont: Font family 'WenQuanYi Micro Hei' not found.
2025-11-19 12:58:17,731 - WARNING - findfont: Font family 'Heiti TC' not found.
2025-11-19 12:58:17,731 - WARNING - findfont: Font family 'WenQuanYi Micro Hei' not found.
2025-11-19 12:58:17,731 - WARNING - findfont: Font family 'Heiti TC' not found.
2025-11-19 12:58:17,733 - WARNING - findfont: Font family 'WenQuanYi Micro Hei' not found.
2025-11-19 12:58:17,734 - WARNING - findfont: Font family 'Heiti TC' not found.
2025-11-19 12:58:17,735 - WARNING - findfont: Font family 'WenQuanYi Micro Hei' not found.
2025-11-19 12:58:17,735 - WARNING - findfont: Font family 'Heiti TC' not found.
2025-11-19 12:58:17,736 - WARNING - findfont: Font family 'WenQuanYi Micro Hei' not found.
2025-11-19 12:58:17,736 - WARNING - findfont: Font family 'Heiti TC' not found.
2025-11-19 12:58:17,737 - WARNING - findfont: Font family 'WenQuanYi Micro Hei' not found.
2025-11-19 12:58:17,737 - WARNING - findfont: Font family 'Heiti TC' not found.
2025-11-19 12:58:17,739 - WARNING - findfont: Font family 'WenQuanYi Micro Hei' not found.
2025-11-19 12:58:17,739 - WARNING - findfont: Font family 'Heiti TC' not found.
2025-11-19 12:58:17,741 - WARNING - findfont: Font family 'WenQuanYi Micro Hei' not found.
2025-11-19 12:58:17,741 - WARNING - findfont: Font family 'Heiti TC' not found.
2025-11-19 12:58:17,741 - WARNING - findfont: Font family 'WenQuanYi Micro Hei' not found.
2025-11-19 12:58:17,742 - WARNING - findfont: Font family 'Heiti TC' not found.
2025-11-19 12:58:17,742 - WARNING - findfont: Font family 'WenQuanYi Micro Hei' not found.
2025-11-19 12:58:17,742 - WARNING - findfont: Font family 'Heiti TC' not found.
2025-11-19 12:58:17,743 - WARNING - findfont: Font family 'WenQuanYi Micro Hei' not found.
2025-11-19 12:58:17,743 - WARNING - findfont: Font family 'Heiti TC' not found.
2025-11-19 12:58:17,744 - WARNING - findfont: Font family 'WenQuanYi Micro Hei' not found.
2025-11-19 12:58:17,744 - WARNING - findfont: Font family 'Heiti TC' not found.
2025-11-19 12:58:17,746 - WARNING - findfont: Font family 'WenQuanYi Micro Hei' not found.
2025-11-19 12:58:17,746 - WARNING - findfont: Font family 'Heiti TC' not found.
2025-11-19 12:58:17,747 - WARNING - findfont: Font family 'WenQuanYi Micro Hei' not found.
2025-11-19 12:58:17,747 - WARNING - findfont: Font family 'Heiti TC' not found.
2025-11-19 12:58:17,747 - WARNING - findfont: Font family 'WenQuanYi Micro Hei' not found.
2025-11-19 12:58:17,747 - WARNING - findfont: Font family 'Heiti TC' not found.
2025-11-19 12:58:17,749 - WARNING - findfont: Font family 'WenQuanYi Micro Hei' not found.
2025-11-19 12:58:17,749 - WARNING - findfont: Font family 'Heiti TC' not found.
2025-11-19 12:58:19,110 - INFO - 保存传感器数据 3 条
2025-11-19 12:58:24,044 - INFO - 保存设备状态成功
2025-11-19 12:58:24,044 - INFO - 设备 通风扇 状态切换为 True
2025-11-19 12:58:24,124 - INFO - 保存传感器数据 4 条
2025-11-19 12:58:26,899 - INFO - 保存设备状态成功
2025-11-19 12:58:26,899 - INFO - 设备 灌溉系统 状态切换为 True
2025-11-19 12:58:29,115 - INFO - 保存设备状态成功
2025-11-19 12:58:29,116 - INFO - 设备 灌溉系统 状态切换为 False
2025-11-19 12:58:29,126 - INFO - 保存传感器数据 5 条
2025-11-19 12:58:34,135 - INFO - 传感器模拟器已停止
